# JRE version: OpenJDK Runtime Environment (17.0.13+11) (build 17.0.13+11-Ubuntu-2ubuntu122.04)
# Java VM: OpenJDK 64-Bit Server VM (17.0.13+11-Ubuntu-2ubuntu122.04, mixed mode, sharing, tiered, compressed oops, compressed class ptrs, g1 gc, linux-amd64)
GC Precious Log:
 CPUs: 16 total, 16 available
 Memory: 7862M
 Large Page Support: Disabled
 NUMA Support: Disabled
 Compressed Oops: Enabled (32-bit)
 Heap Region Size: 1M
 Heap Min Capacity: 8M
 Heap Initial Capacity: 124M
 Heap Max Capacity: 1966M
 Pre-touch: Disabled
 Parallel Workers: 13
 Concurrent Workers: 3
 Concurrent Refinement Workers: 13
 Periodic GC: Disabled
Heap:
 garbage-first heap   total 129024K, used 29007K [0x0000000085200000, 0x0000000100000000)
  region size 1024K, 17 young (17408K), 10 survivors (10240K)
 Metaspace       used 16980K, committed 17280K, reserved 1114112K
  class space    used 1693K, committed 1856K, reserved 1048576K
GC Heap History (6 events):
Event: 0.322 GC heap before
{Heap before GC invocations=0 (full 0):
 garbage-first heap   total 129024K, used 23472K [0x0000000085200000, 0x0000000100000000)
  region size 1024K, 23 young (23552K), 0 survivors (0K)
 Metaspace       used 7829K, committed 8064K, reserved 1114112K
  class space    used 760K, committed 896K, reserved 1048576K
}
Event: 0.324 GC heap after
{Heap after GC invocations=1 (full 0):
 garbage-first heap   total 129024K, used 5946K [0x0000000085200000, 0x0000000100000000)
  region size 1024K, 3 young (3072K), 3 survivors (3072K)
 Metaspace       used 7829K, committed 8064K, reserved 1114112K
  class space    used 760K, committed 896K, reserved 1048576K
}
Event: 5.096 GC heap before
{Heap before GC invocations=1 (full 0):
 garbage-first heap   total 129024K, used 43834K [0x0000000085200000, 0x0000000100000000)
  region size 1024K, 41 young (41984K), 3 survivors (3072K)
 Metaspace       used 16832K, committed 17088K, reserved 1114112K
  class space    used 1692K, committed 1856K, reserved 1048576K
}
Event: 5.102 GC heap after
{Heap after GC invocations=2 (full 0):
 garbage-first heap   total 129024K, used 8722K [0x0000000085200000, 0x0000000100000000)
  region size 1024K, 6 young (6144K), 6 survivors (6144K)
 Metaspace       used 16832K, committed 17088K, reserved 1114112K
  class space    used 1692K, committed 1856K, reserved 1048576K
}
Event: 5.211 GC heap before
{Heap before GC invocations=2 (full 0):
 garbage-first heap   total 129024K, used 78354K [0x0000000085200000, 0x0000000100000000)
  region size 1024K, 74 young (75776K), 6 survivors (6144K)
 Metaspace       used 16969K, committed 17216K, reserved 1114112K
  class space    used 1692K, committed 1856K, reserved 1048576K
}
Event: 5.226 GC heap after
{Heap after GC invocations=3 (full 0):
 garbage-first heap   total 129024K, used 22863K [0x0000000085200000, 0x0000000100000000)
  region size 1024K, 10 young (10240K), 10 survivors (10240K)
 Metaspace       used 16969K, committed 17216K, reserved 1114112K
  class space    used 1692K, committed 1856K, reserved 1048576K
}

